<?xml version="1.0" encoding="UTF-8"?>
<!-- Generated by org.testng.reporters.JUnitReportReporter -->
<testsuite hostname="DESKTOP-QO40GRL" failures="0" tests="1" name="Admin.Testcases.LoginTest" time="13.125" errors="0" timestamp="2025-10-26T20:47:32 ICT" skipped="0">
  <testcase classname="Admin.Testcases.LoginTest" name="testLogin" time="13.125"/>
</testsuite> <!-- Admin.Testcases.LoginTest -->
