<?xml version="1.0" encoding="UTF-8"?>
<!-- Generated by org.testng.reporters.JUnitReportReporter -->
<testsuite hostname="DESKTOP-UUN8QMC" failures="0" tests="1" name="TG.Testcases.LoginTGTest" time="23.389" errors="0" timestamp="2025-10-31T20:30:30 ICT" skipped="0">
  <testcase classname="TG.Testcases.LoginTGTest" name="testLogin" time="23.389"/>
</testsuite> <!-- TG.Testcases.LoginTGTest -->
